
Showing logs for build [32mmeta-nuxeo-jxlabs-nos-jx-master-h72q2-10[0m stage [32mmeta-pipeline[0m and container [32mstep-credential-initializer-qfbpn[0m
{"level":"info","ts":1589737930.6497009,"logger":"fallback-logger","caller":"logging/config.go:69","msg":"Fetch GitHub commit ID from kodata failed: open /var/run/ko/refs/heads/0.8.0-ns-support: no such file or directory"}
{"level":"info","ts":1589737930.650155,"logger":"fallback-logger","caller":"creds-init/main.go:40","msg":"Credentials initialized."}

Showing logs for build [32mmeta-nuxeo-jxlabs-nos-jx-master-h72q2-10[0m stage [32mmeta-pipeline[0m and container [32mstep-working-dir-initializer-h9gqn[0m
{"level":"info","ts":1589737931.0192335,"logger":"fallback-logger","caller":"logging/config.go:69","msg":"Fetch GitHub commit ID from kodata failed: open /var/run/ko/HEAD: no such file or directory"}
{"level":"info","ts":1589737931.0206053,"logger":"fallback-logger","caller":"bash/main.go:64","msg":"Successfully executed command \"sh -c mkdir -p /workspace/source\"; output "}

Showing logs for build [32mmeta-nuxeo-jxlabs-nos-jx-master-h72q2-10[0m stage [32mmeta-pipeline[0m and container [32mstep-place-tools[0m

Showing logs for build [32mmeta-nuxeo-jxlabs-nos-jx-master-h72q2-10[0m stage [32mmeta-pipeline[0m and container [32mstep-git-source-meta-nuxeo-jxlabs-nos-jx-master-h72q2-vqnkq[0m
{"level":"info","ts":1589737934.0659885,"logger":"fallback-logger","caller":"logging/config.go:69","msg":"Fetch GitHub commit ID from kodata failed: open /var/run/ko/refs/heads/0.8.0-ns-support: no such file or directory"}
{"level":"info","ts":1589737935.4006064,"logger":"fallback-logger","caller":"git/git.go:103","msg":"Successfully cloned https://github.com/nuxeo/**labs-nos-**.git @ 1277f168caf69dd0d4b08dffe1a6270d929d1d27 in path /workspace/source"}

Showing logs for build [32mmeta-nuxeo-jxlabs-nos-jx-master-h72q2-10[0m stage [32mmeta-pipeline[0m and container [32mstep-git-merge[0m
Using SHAs from PULL_REFS=master:1277f168caf69dd0d4b08dffe1a6270d929d1d27
WARNING: no SHAs to merge, falling back to initial cloned commit

Showing logs for build [32mmeta-nuxeo-jxlabs-nos-jx-master-h72q2-10[0m stage [32mmeta-pipeline[0m and container [32mstep-merge-pull-refs[0m
SKIP merge-pull-refs: Nothing to merge

Showing logs for build [32mmeta-nuxeo-jxlabs-nos-jx-master-h72q2-10[0m stage [32mmeta-pipeline[0m and container [32mstep-create-effective-pipeline[0m
Effective pipeline written to jenkins-x-release-effective.yml

Showing logs for build [32mmeta-nuxeo-jxlabs-nos-jx-master-h72q2-10[0m stage [32mmeta-pipeline[0m and container [32mstep-create-tekton-crds[0m
running command: echo $(git for-each-ref refs/tags/ --count=1 --sort=-version:refname --format='%(refname:short)' 2>/dev/null)-dev+$(git rev-parse --short HEAD) > VERSION

running command: \'version=$(cat VERSION) && git tag $version && git push origin $version\'
/bin/sh: 'version=-dev+1277f16: command not found
error: failed to set the version on release pipelines: failed to run '/bin/sh -c \'version=$(cat VERSION) && git tag $version && git push origin $version\'' command in directory '/workspace/source', output: ''
[31m
Pipeline failed on stage 'meta-pipeline' : container 'step-create-tekton-crds'. The execution of the pipeline has stopped.[0m
