
Showing logs for build [32mmeta-nuxeo-jxlabs-nos-jx-master-bjxc5-13[0m stage [32mmeta-pipeline[0m and container [32mstep-credential-initializer-p6rx4[0m
{"level":"info","ts":1589819809.0942397,"logger":"fallback-logger","caller":"logging/config.go:69","msg":"Fetch GitHub commit ID from kodata failed: open /var/run/ko/refs/heads/0.8.0-ns-support: no such file or directory"}
{"level":"info","ts":1589819809.0947294,"logger":"fallback-logger","caller":"creds-init/main.go:40","msg":"Credentials initialized."}

Showing logs for build [32mmeta-nuxeo-jxlabs-nos-jx-master-bjxc5-13[0m stage [32mmeta-pipeline[0m and container [32mstep-working-dir-initializer-z9j2x[0m
{"level":"info","ts":1589819809.5321667,"logger":"fallback-logger","caller":"logging/config.go:69","msg":"Fetch GitHub commit ID from kodata failed: open /var/run/ko/HEAD: no such file or directory"}
{"level":"info","ts":1589819809.5344718,"logger":"fallback-logger","caller":"bash/main.go:64","msg":"Successfully executed command \"sh -c mkdir -p /workspace/source\"; output "}

Showing logs for build [32mmeta-nuxeo-jxlabs-nos-jx-master-bjxc5-13[0m stage [32mmeta-pipeline[0m and container [32mstep-place-tools[0m

Showing logs for build [32mmeta-nuxeo-jxlabs-nos-jx-master-bjxc5-13[0m stage [32mmeta-pipeline[0m and container [32mstep-git-source-meta-nuxeo-jxlabs-nos-jx-master-bjxc5-w9kng[0m
{"level":"info","ts":1589819815.7414756,"logger":"fallback-logger","caller":"logging/config.go:69","msg":"Fetch GitHub commit ID from kodata failed: open /var/run/ko/refs/heads/0.8.0-ns-support: no such file or directory"}
{"level":"info","ts":1589819817.1121633,"logger":"fallback-logger","caller":"git/git.go:103","msg":"Successfully cloned https://github.com/nuxeo/**labs-nos-**.git @ c3c02315b61079421882794c3319aae7d1d6df5e in path /workspace/source"}

Showing logs for build [32mmeta-nuxeo-jxlabs-nos-jx-master-bjxc5-13[0m stage [32mmeta-pipeline[0m and container [32mstep-git-merge[0m
Using SHAs from PULL_REFS=master:c3c02315b61079421882794c3319aae7d1d6df5e
WARNING: no SHAs to merge, falling back to initial cloned commit

Showing logs for build [32mmeta-nuxeo-jxlabs-nos-jx-master-bjxc5-13[0m stage [32mmeta-pipeline[0m and container [32mstep-merge-pull-refs[0m
SKIP merge-pull-refs: Nothing to merge

Showing logs for build [32mmeta-nuxeo-jxlabs-nos-jx-master-bjxc5-13[0m stage [32mmeta-pipeline[0m and container [32mstep-create-effective-pipeline[0m
Effective pipeline written to jenkins-x-release-effective.yml

Showing logs for build [32mmeta-nuxeo-jxlabs-nos-jx-master-bjxc5-13[0m stage [32mmeta-pipeline[0m and container [32mstep-create-tekton-crds[0m
running command: /workspace/source/next-version.sh
++ git fetch --tags --quiet
+++ git for-each-ref refs/tags/ --count=1 --sort=-version:refname '--format=%(refname:short)'
+++ git rev-parse --short HEAD
++ version=v2.1.38-**labs-nos-dev-76d04ceca-dev-b81ed679c-dev-8bcfa64cb-dev-c3c02315b
++ git tag v2.1.38-**labs-nos-dev-76d04ceca-dev-b81ed679c-dev-8bcfa64cb-dev-c3c02315b
++ git push -f origin v2.1.38-**labs-nos-dev-76d04ceca-dev-b81ed679c-dev-8bcfa64cb-dev-c3c02315b
To https://github.com/nuxeo/**labs-nos-**.git
 ! [remote rejected]     v2.1.38-**labs-nos-dev-76d04ceca-dev-b81ed679c-dev-8bcfa64cb-dev-c3c02315b -> v2.1.38-**labs-nos-dev-76d04ceca-dev-b81ed679c-dev-8bcfa64cb-dev-c3c02315b (cannot lock ref 'refs/tags/v2.1.38-**labs-nos-dev-76d04ceca-dev-b81ed679c-dev-8bcfa64cb-dev-c3c02315b': reference already exists)
error: failed to push some refs to 'https://github.com/nuxeo/**labs-nos-**.git'
error: failed to set the version on release pipelines: failed to run '/bin/sh -c /workspace/source/next-version.sh' command in directory '/workspace/source', output: ''
[31m
Pipeline failed on stage 'meta-pipeline' : container 'step-create-tekton-crds'. The execution of the pipeline has stopped.[0m
