
Showing logs for build [32mmeta-nuxeo-jxlabs-nos-jx-master-j9ttc-16[0m stage [32mmeta-pipeline[0m and container [32mstep-credential-initializer-tkf4v[0m
{"level":"info","ts":1591345587.5859969,"logger":"fallback-logger","caller":"logging/config.go:69","msg":"Fetch GitHub commit ID from kodata failed: open /var/run/ko/refs/heads/0.8.0-ns-support: no such file or directory"}
{"level":"info","ts":1591345587.5867162,"logger":"fallback-logger","caller":"creds-init/main.go:40","msg":"Credentials initialized."}

Showing logs for build [32mmeta-nuxeo-jxlabs-nos-jx-master-j9ttc-16[0m stage [32mmeta-pipeline[0m and container [32mstep-working-dir-initializer-xf4jj[0m
{"level":"info","ts":1591345588.501063,"logger":"fallback-logger","caller":"logging/config.go:69","msg":"Fetch GitHub commit ID from kodata failed: open /var/run/ko/HEAD: no such file or directory"}
{"level":"info","ts":1591345588.5022635,"logger":"fallback-logger","caller":"bash/main.go:64","msg":"Successfully executed command \"sh -c mkdir -p /workspace/source\"; output "}

Showing logs for build [32mmeta-nuxeo-jxlabs-nos-jx-master-j9ttc-16[0m stage [32mmeta-pipeline[0m and container [32mstep-place-tools[0m

Showing logs for build [32mmeta-nuxeo-jxlabs-nos-jx-master-j9ttc-16[0m stage [32mmeta-pipeline[0m and container [32mstep-git-source-meta-nuxeo-jxlabs-nos-jx-master-j9ttc-lt22r[0m
{"level":"info","ts":1591345594.6038978,"logger":"fallback-logger","caller":"logging/config.go:69","msg":"Fetch GitHub commit ID from kodata failed: open /var/run/ko/refs/heads/0.8.0-ns-support: no such file or directory"}
{"level":"info","ts":1591345595.9090114,"logger":"fallback-logger","caller":"git/git.go:103","msg":"Successfully cloned https://github.com/nuxeo/**labs-nos-**.git @ aeb9bcc4857e42925e35b5024150b9cbe7cf5c88 in path /workspace/source"}

Showing logs for build [32mmeta-nuxeo-jxlabs-nos-jx-master-j9ttc-16[0m stage [32mmeta-pipeline[0m and container [32mstep-git-merge[0m
Using SHAs from PULL_REFS=master:aeb9bcc4857e42925e35b5024150b9cbe7cf5c88
WARNING: no SHAs to merge, falling back to initial cloned commit

Showing logs for build [32mmeta-nuxeo-jxlabs-nos-jx-master-j9ttc-16[0m stage [32mmeta-pipeline[0m and container [32mstep-merge-pull-refs[0m
SKIP merge-pull-refs: Nothing to merge

Showing logs for build [32mmeta-nuxeo-jxlabs-nos-jx-master-j9ttc-16[0m stage [32mmeta-pipeline[0m and container [32mstep-create-effective-pipeline[0m
Cloning the Jenkins X versions repo https://github.com/nuxeo/**labs-nos-versions.git with ref refs/heads/master to /builder/home/.**/jenkins-x-versions
Effective pipeline written to jenkins-x-release-effective.yml

Showing logs for build [32mmeta-nuxeo-jxlabs-nos-jx-master-j9ttc-16[0m stage [32mmeta-pipeline[0m and container [32mstep-create-tekton-crds[0m
running command: /workspace/source/next-version.sh
+++ git rev-parse --is-shallow-repository
++ true
++ git fetch --unshallow
From https://github.com/nuxeo/**labs-nos-**
 * [new branch]      1109                 -> origin/1109
 * [new branch]      MarckK-patch-1       -> origin/MarckK-patch-1
 * [new branch]      ccojocar-patch-1     -> origin/ccojocar-patch-1
 * [new branch]      cover-bdd4           -> origin/cover-bdd4
 * [new branch]      feature/use_image_just_built -> origin/feature/use_image_just_built
 * [new branch]      garethjevans-patch-1 -> origin/garethjevans-patch-1
 * [new branch]      garethjevans-patch-2 -> origin/garethjevans-patch-2
 * [new branch]      gh-pages             -> origin/gh-pages
 * [new branch]      issue-5772           -> origin/issue-5772
 * [new branch]      jstrachan-patch-1    -> origin/jstrachan-patch-1
 * [new branch]      jstrachan-patch-2    -> origin/jstrachan-patch-2
 * [new branch]      jstrachan-patch-3    -> origin/jstrachan-patch-3
 * [new branch]      jstrachan-patch-4    -> origin/jstrachan-patch-4
 * [new branch]      jstrachan-patch-5    -> origin/jstrachan-patch-5
 * [new branch]      **labs-nos           -> origin/**labs-nos
 * [new branch]      manual-promotion-no-pa-update -> origin/manual-promotion-no-pa-update
 * [new branch]      master               -> origin/master
 * [new branch]      multicluster         -> origin/multicluster
 * [new branch]      plugins              -> origin/plugins
 * [new branch]      pmuir-patch-1        -> origin/pmuir-patch-1
 * [new branch]      pmuir-patch-2        -> origin/pmuir-patch-2
 * [new branch]      pmuir-patch-3        -> origin/pmuir-patch-3
 * [new branch]      pmuir-patch-4        -> origin/pmuir-patch-4
 * [new branch]      pmuir-patch-5        -> origin/pmuir-patch-5
 * [new branch]      pmuir-patch-6        -> origin/pmuir-patch-6
 * [new branch]      pmuir-patch-7        -> origin/pmuir-patch-7
 * [new branch]      pmuir-patch-7-1      -> origin/pmuir-patch-7-1
 * [new branch]      pmuir-patch-8        -> origin/pmuir-patch-8
 * [new branch]      pmuir-patch-9        -> origin/pmuir-patch-9
 * [new branch]      prow-2.0             -> origin/prow-2.0
 * [new branch]      revert-4572-add_brew_update_config -> origin/revert-4572-add_brew_update_config
 * [new branch]      revert-5110-5087     -> origin/revert-5110-5087
 * [new branch]      revert-5295-5034     -> origin/revert-5295-5034
 * [new branch]      revert-5585-stop-using-workingdir-for-dir -> origin/revert-5585-stop-using-workingdir-for-dir
 * [new branch]      revert-5612-credentials-remove-file-flag -> origin/revert-5612-credentials-remove-file-flag
 * [new branch]      revert-6556-garethjevans-patch-2 -> origin/revert-6556-garethjevans-patch-2
 * [new branch]      theia                -> origin/theia
 * [new branch]      windows-tests        -> origin/windows-tests
 * [new tag]             t2.1.56-**labs-nos-2 -> t2.1.56-**labs-nos-2
 * [new tag]             v2.1.56              -> v2.1.56
 * [new tag]             v2.1.56-**labs-nos-1 -> v2.1.56-**labs-nos-1
 * [new tag]             v2.1.56-**labs-nos-2 -> v2.1.56-**labs-nos-2
++ git fetch origin --tags
From https://github.com/nuxeo/**labs-nos-**
 * [new tag]             t2.1.56-**labs-nos- -> t2.1.56-**labs-nos-
 * [new tag]             v2.1.40             -> v2.1.40
++++ git describe --abbrev=0 '--match=v[0-9]*.[0-9]*.[0-9]*[!-]*'
+++ expr v2.1.56 : 'v\(.*\)'
++ upstream=2.1.56
+++ git describe --abbrev=0 --tags '--match=t2.1.56-**labs-nos-*'
++ tag=t2.1.56-**labs-nos-2
++ '[' 0 -eq 0 ']'
+++ expr t2.1.56-**labs-nos-2 : 't2.1.56-**labs-nos-\(.*\)'
++ last=2
+++ expr 2 + 1
++ next=3
++ version=2.1.56-**labs-nos-3
++ echo 2.1.56-**labs-nos-3
/workspace/source/next-version.sh: line 20: syntax error near unexpected token `fi'
/workspace/source/next-version.sh: line 20: `fi'
error: failed to set the version on release pipelines: failed to run '/bin/sh -c /workspace/source/next-version.sh' command in directory '/workspace/source', output: ''
[31m
Pipeline failed on stage 'meta-pipeline' : container 'step-create-tekton-crds'. The execution of the pipeline has stopped.[0m
