
Showing logs for build [32mmeta-nuxeo-jxlabs-nos-jx-master-6z2n2-2[0m stage [32mmeta-pipeline[0m and container [32mstep-credential-initializer-b9srh[0m
{"level":"info","ts":1589731866.6974213,"logger":"fallback-logger","caller":"logging/config.go:69","msg":"Fetch GitHub commit ID from kodata failed: open /var/run/ko/refs/heads/0.8.0-ns-support: no such file or directory"}
{"level":"info","ts":1589731866.6980379,"logger":"fallback-logger","caller":"creds-init/main.go:40","msg":"Credentials initialized."}

Showing logs for build [32mmeta-nuxeo-jxlabs-nos-jx-master-6z2n2-2[0m stage [32mmeta-pipeline[0m and container [32mstep-working-dir-initializer-hh4wp[0m
{"level":"info","ts":1589731867.864072,"logger":"fallback-logger","caller":"logging/config.go:69","msg":"Fetch GitHub commit ID from kodata failed: open /var/run/ko/HEAD: no such file or directory"}
{"level":"info","ts":1589731867.8655589,"logger":"fallback-logger","caller":"bash/main.go:64","msg":"Successfully executed command \"sh -c mkdir -p /workspace/source\"; output "}

Showing logs for build [32mmeta-nuxeo-jxlabs-nos-jx-master-6z2n2-2[0m stage [32mmeta-pipeline[0m and container [32mstep-place-tools[0m

Showing logs for build [32mmeta-nuxeo-jxlabs-nos-jx-master-6z2n2-2[0m stage [32mmeta-pipeline[0m and container [32mstep-git-source-meta-nuxeo-jxlabs-nos-jx-master-6z2n2-4lbf4[0m
{"level":"info","ts":1589731872.896294,"logger":"fallback-logger","caller":"logging/config.go:69","msg":"Fetch GitHub commit ID from kodata failed: open /var/run/ko/refs/heads/0.8.0-ns-support: no such file or directory"}
{"level":"info","ts":1589731874.3132837,"logger":"fallback-logger","caller":"git/git.go:103","msg":"Successfully cloned https://github.com/nuxeo/**labs-nos-**.git @ bdc18276edc70dd16040fe5e250ad69455a5b968 in path /workspace/source"}

Showing logs for build [32mmeta-nuxeo-jxlabs-nos-jx-master-6z2n2-2[0m stage [32mmeta-pipeline[0m and container [32mstep-git-merge[0m
Using SHAs from PULL_REFS=master:bdc18276edc70dd16040fe5e250ad69455a5b968
WARNING: no SHAs to merge, falling back to initial cloned commit

Showing logs for build [32mmeta-nuxeo-jxlabs-nos-jx-master-6z2n2-2[0m stage [32mmeta-pipeline[0m and container [32mstep-merge-pull-refs[0m
SKIP merge-pull-refs: Nothing to merge

Showing logs for build [32mmeta-nuxeo-jxlabs-nos-jx-master-6z2n2-2[0m stage [32mmeta-pipeline[0m and container [32mstep-create-effective-pipeline[0m
Effective pipeline written to jenkins-x-release-effective.yml

Showing logs for build [32mmeta-nuxeo-jxlabs-nos-jx-master-6z2n2-2[0m stage [32mmeta-pipeline[0m and container [32mstep-create-tekton-crds[0m
running command: ** step next-version --use-git-tag-only --tag
created new version: 2.1.33 and written to file: ./VERSION
Updating chart version in charts/**/Chart.yaml to 2.1.33
Updating repository in charts/**/values.yaml to gcr.io/**labs-nos-master/build-**-prod/**labs-nos-**
Updating tag in charts/**/values.yaml to 2.1.33
error: Have you set up a git credential helper? See https://help.github.com/articles/caching-your-github-password-in-git/
: git output: To https://github.com/nuxeo/**labs-nos-**.git
 ! [remote rejected]     v2.1.33 -> v2.1.33 (cannot lock ref 'refs/tags/v2.1.33': reference already exists)
error: failed to push some refs to 'https://github.com/nuxeo/**labs-nos-**.git': failed to run 'git push origin v2.1.33' command in directory '', output: 'To https://github.com/nuxeo/**labs-nos-**.git
 ! [remote rejected]     v2.1.33 -> v2.1.33 (cannot lock ref 'refs/tags/v2.1.33': reference already exists)
error: failed to push some refs to 'https://github.com/nuxeo/**labs-nos-**.git''
error: failed to set the version on release pipelines: failed to run '/bin/sh -c ** step next-version --use-git-tag-only --tag' command in directory '/workspace/source', output: ''
[31m
Pipeline failed on stage 'meta-pipeline' : container 'step-create-tekton-crds'. The execution of the pipeline has stopped.[0m
