
Showing logs for build [32mmeta-nuxeo-jxlabs-nos-jx-master-t9knx-20[0m stage [32mmeta-pipeline[0m and container [32mstep-credential-initializer-mp7n6[0m
{"level":"info","ts":1589870677.7362835,"logger":"fallback-logger","caller":"logging/config.go:69","msg":"Fetch GitHub commit ID from kodata failed: open /var/run/ko/refs/heads/0.8.0-ns-support: no such file or directory"}
{"level":"info","ts":1589870677.7384179,"logger":"fallback-logger","caller":"creds-init/main.go:40","msg":"Credentials initialized."}

Showing logs for build [32mmeta-nuxeo-jxlabs-nos-jx-master-t9knx-20[0m stage [32mmeta-pipeline[0m and container [32mstep-working-dir-initializer-mtjq5[0m
{"level":"info","ts":1589870678.187855,"logger":"fallback-logger","caller":"logging/config.go:69","msg":"Fetch GitHub commit ID from kodata failed: open /var/run/ko/HEAD: no such file or directory"}
{"level":"info","ts":1589870678.1899817,"logger":"fallback-logger","caller":"bash/main.go:64","msg":"Successfully executed command \"sh -c mkdir -p /workspace/source\"; output "}

Showing logs for build [32mmeta-nuxeo-jxlabs-nos-jx-master-t9knx-20[0m stage [32mmeta-pipeline[0m and container [32mstep-place-tools[0m

Showing logs for build [32mmeta-nuxeo-jxlabs-nos-jx-master-t9knx-20[0m stage [32mmeta-pipeline[0m and container [32mstep-git-source-meta-nuxeo-jxlabs-nos-jx-master-t9knx-dvwnl[0m
{"level":"info","ts":1589870683.4228373,"logger":"fallback-logger","caller":"logging/config.go:69","msg":"Fetch GitHub commit ID from kodata failed: open /var/run/ko/refs/heads/0.8.0-ns-support: no such file or directory"}
{"level":"info","ts":1589870684.855235,"logger":"fallback-logger","caller":"git/git.go:103","msg":"Successfully cloned https://github.com/nuxeo/**labs-nos-**.git @ 72fcbf68c2b254f2f066d2b110c9c07bcfbff356 in path /workspace/source"}

Showing logs for build [32mmeta-nuxeo-jxlabs-nos-jx-master-t9knx-20[0m stage [32mmeta-pipeline[0m and container [32mstep-git-merge[0m
Using SHAs from PULL_REFS=master:72fcbf68c2b254f2f066d2b110c9c07bcfbff356
WARNING: no SHAs to merge, falling back to initial cloned commit

Showing logs for build [32mmeta-nuxeo-jxlabs-nos-jx-master-t9knx-20[0m stage [32mmeta-pipeline[0m and container [32mstep-merge-pull-refs[0m
SKIP merge-pull-refs: Nothing to merge

Showing logs for build [32mmeta-nuxeo-jxlabs-nos-jx-master-t9knx-20[0m stage [32mmeta-pipeline[0m and container [32mstep-create-effective-pipeline[0m
Effective pipeline written to jenkins-x-release-effective.yml

Showing logs for build [32mmeta-nuxeo-jxlabs-nos-jx-master-t9knx-20[0m stage [32mmeta-pipeline[0m and container [32mstep-create-tekton-crds[0m
running command: /workspace/source/next-version.sh
++ git fetch --tags --quiet
+++ git for-each-ref refs/tags/ --count=1 --sort=-version:refname '--format=%(refname:short)'
+++ git rev-parse --short HEAD
++ version=v2.1.38-**labs-nos-dev-00fc5a7dc-dev-00fc5a7dc-dev-d19734631-dev-271543d0e-dev-271543d0e-dev+72fcbf68c
+++ echo v2.1.38-**labs-nos-dev-00fc5a7dc-dev-00fc5a7dc-dev-d19734631-dev-271543d0e-dev-271543d0e-dev+72fcbf68c
+++ sed s/+/-/g
++ version=v2.1.38-**labs-nos-dev-00fc5a7dc-dev-00fc5a7dc-dev-d19734631-dev-271543d0e-dev-271543d0e-dev-72fcbf68c
++ git tag v2.1.38-**labs-nos-dev-00fc5a7dc-dev-00fc5a7dc-dev-d19734631-dev-271543d0e-dev-271543d0e-dev-72fcbf68c
++ git push -f origin v2.1.38-**labs-nos-dev-00fc5a7dc-dev-00fc5a7dc-dev-d19734631-dev-271543d0e-dev-271543d0e-dev-72fcbf68c
To https://github.com/nuxeo/**labs-nos-**.git
 ! [remote rejected]     v2.1.38-**labs-nos-dev-00fc5a7dc-dev-00fc5a7dc-dev-d19734631-dev-271543d0e-dev-271543d0e-dev-72fcbf68c -> v2.1.38-**labs-nos-dev-00fc5a7dc-dev-00fc5a7dc-dev-d19734631-dev-271543d0e-dev-271543d0e-dev-72fcbf68c (cannot lock ref 'refs/tags/v2.1.38-**labs-nos-dev-00fc5a7dc-dev-00fc5a7dc-dev-d19734631-dev-271543d0e-dev-271543d0e-dev-72fcbf68c': reference already exists)
error: failed to push some refs to 'https://github.com/nuxeo/**labs-nos-**.git'
error: failed to set the version on release pipelines: failed to run '/bin/sh -c /workspace/source/next-version.sh' command in directory '/workspace/source', output: ''
[31m
Pipeline failed on stage 'meta-pipeline' : container 'step-create-tekton-crds'. The execution of the pipeline has stopped.[0m
