
Showing logs for build [32mmeta-nuxeo-jxlabs-nos-jx-master-2rrls-5[0m stage [32mmeta-pipeline[0m and container [32mstep-credential-initializer-zmfsm[0m
{"level":"info","ts":1591086109.5690465,"logger":"fallback-logger","caller":"logging/config.go:69","msg":"Fetch GitHub commit ID from kodata failed: open /var/run/ko/refs/heads/0.8.0-ns-support: no such file or directory"}
{"level":"info","ts":1591086109.5701368,"logger":"fallback-logger","caller":"creds-init/main.go:40","msg":"Credentials initialized."}

Showing logs for build [32mmeta-nuxeo-jxlabs-nos-jx-master-2rrls-5[0m stage [32mmeta-pipeline[0m and container [32mstep-working-dir-initializer-zbrp4[0m
{"level":"info","ts":1591086109.986029,"logger":"fallback-logger","caller":"logging/config.go:69","msg":"Fetch GitHub commit ID from kodata failed: open /var/run/ko/HEAD: no such file or directory"}
{"level":"info","ts":1591086109.987786,"logger":"fallback-logger","caller":"bash/main.go:64","msg":"Successfully executed command \"sh -c mkdir -p /workspace/source\"; output "}

Showing logs for build [32mmeta-nuxeo-jxlabs-nos-jx-master-2rrls-5[0m stage [32mmeta-pipeline[0m and container [32mstep-place-tools[0m

Showing logs for build [32mmeta-nuxeo-jxlabs-nos-jx-master-2rrls-5[0m stage [32mmeta-pipeline[0m and container [32mstep-git-source-meta-nuxeo-jxlabs-nos-jx-master-2rrls-kncrg[0m
{"level":"info","ts":1591086116.0896468,"logger":"fallback-logger","caller":"logging/config.go:69","msg":"Fetch GitHub commit ID from kodata failed: open /var/run/ko/refs/heads/0.8.0-ns-support: no such file or directory"}
{"level":"info","ts":1591086117.4089923,"logger":"fallback-logger","caller":"git/git.go:103","msg":"Successfully cloned https://github.com/nuxeo/**labs-nos-**.git @ ee698c800af98c230ed5fe67f525980beafea7aa in path /workspace/source"}

Showing logs for build [32mmeta-nuxeo-jxlabs-nos-jx-master-2rrls-5[0m stage [32mmeta-pipeline[0m and container [32mstep-git-merge[0m
Using SHAs from PULL_REFS=master:ee698c800af98c230ed5fe67f525980beafea7aa
WARNING: no SHAs to merge, falling back to initial cloned commit

Showing logs for build [32mmeta-nuxeo-jxlabs-nos-jx-master-2rrls-5[0m stage [32mmeta-pipeline[0m and container [32mstep-merge-pull-refs[0m
SKIP merge-pull-refs: Nothing to merge

Showing logs for build [32mmeta-nuxeo-jxlabs-nos-jx-master-2rrls-5[0m stage [32mmeta-pipeline[0m and container [32mstep-create-effective-pipeline[0m
Cloning the Jenkins X versions repo https://github.com/nuxeo/**labs-nos-versions.git with ref refs/heads/master to /builder/home/.**/jenkins-x-versions
Effective pipeline written to jenkins-x-release-effective.yml

Showing logs for build [32mmeta-nuxeo-jxlabs-nos-jx-master-2rrls-5[0m stage [32mmeta-pipeline[0m and container [32mstep-create-tekton-crds[0m
running command: /workspace/source/next-version.sh
To https://github.com/nuxeo/**labs-nos-**.git
 ! [rejected]        v2.0.38-**labs-nos-helm-x -> v2.0.38-**labs-nos-helm-x (already exists)
error: failed to push some refs to 'https://github.com/nuxeo/**labs-nos-**.git'
hint: Updates were rejected because the tag already exists in the remote.
error: failed to set the version on release pipelines: failed to run '/bin/sh -c /workspace/source/next-version.sh' command in directory '/workspace/source', output: ''
[31m
Pipeline failed on stage 'meta-pipeline' : container 'step-create-tekton-crds'. The execution of the pipeline has stopped.[0m
