
Showing logs for build [32mmeta-nuxeo-jxlabs-nos-jx-master-m52gs-7[0m stage [32mmeta-pipeline[0m and container [32mstep-credential-initializer-c2fh8[0m
{"level":"info","ts":1589737579.2628775,"logger":"fallback-logger","caller":"logging/config.go:69","msg":"Fetch GitHub commit ID from kodata failed: open /var/run/ko/refs/heads/0.8.0-ns-support: no such file or directory"}
{"level":"info","ts":1589737579.263334,"logger":"fallback-logger","caller":"creds-init/main.go:40","msg":"Credentials initialized."}

Showing logs for build [32mmeta-nuxeo-jxlabs-nos-jx-master-m52gs-7[0m stage [32mmeta-pipeline[0m and container [32mstep-working-dir-initializer-nqjf6[0m
{"level":"info","ts":1589737580.3252196,"logger":"fallback-logger","caller":"logging/config.go:69","msg":"Fetch GitHub commit ID from kodata failed: open /var/run/ko/HEAD: no such file or directory"}
{"level":"info","ts":1589737580.3266273,"logger":"fallback-logger","caller":"bash/main.go:64","msg":"Successfully executed command \"sh -c mkdir -p /workspace/source\"; output "}

Showing logs for build [32mmeta-nuxeo-jxlabs-nos-jx-master-m52gs-7[0m stage [32mmeta-pipeline[0m and container [32mstep-place-tools[0m

Showing logs for build [32mmeta-nuxeo-jxlabs-nos-jx-master-m52gs-7[0m stage [32mmeta-pipeline[0m and container [32mstep-git-source-meta-nuxeo-jxlabs-nos-jx-master-m52gs-7trz5[0m
{"level":"info","ts":1589737585.359558,"logger":"fallback-logger","caller":"logging/config.go:69","msg":"Fetch GitHub commit ID from kodata failed: open /var/run/ko/refs/heads/0.8.0-ns-support: no such file or directory"}
{"level":"info","ts":1589737586.745379,"logger":"fallback-logger","caller":"git/git.go:103","msg":"Successfully cloned https://github.com/nuxeo/**labs-nos-**.git @ 698060d9b9c78e062a282fbd1f9e26fb7fc4bdcb in path /workspace/source"}

Showing logs for build [32mmeta-nuxeo-jxlabs-nos-jx-master-m52gs-7[0m stage [32mmeta-pipeline[0m and container [32mstep-git-merge[0m
Using SHAs from PULL_REFS=master:698060d9b9c78e062a282fbd1f9e26fb7fc4bdcb
WARNING: no SHAs to merge, falling back to initial cloned commit

Showing logs for build [32mmeta-nuxeo-jxlabs-nos-jx-master-m52gs-7[0m stage [32mmeta-pipeline[0m and container [32mstep-merge-pull-refs[0m
SKIP merge-pull-refs: Nothing to merge

Showing logs for build [32mmeta-nuxeo-jxlabs-nos-jx-master-m52gs-7[0m stage [32mmeta-pipeline[0m and container [32mstep-create-effective-pipeline[0m
Effective pipeline written to jenkins-x-release-effective.yml

Showing logs for build [32mmeta-nuxeo-jxlabs-nos-jx-master-m52gs-7[0m stage [32mmeta-pipeline[0m and container [32mstep-create-tekton-crds[0m
running command: echo $(git for-each-ref refs/tags/ --count=1 --sort=-version:refname --format='%(refname:short)' 2>/dev/null)-dev+$(git rev-parse --short HEAD) > VERSION

running command: git tag $(cat VERSION) && git push origin $(cat VERSION)
error: switch `v' is incompatible with --delete
error: failed to set the version on release pipelines: failed to run '/bin/sh -c git tag $(cat VERSION) && git push origin $(cat VERSION)' command in directory '/workspace/source', output: ''
[31m
Pipeline failed on stage 'meta-pipeline' : container 'step-create-tekton-crds'. The execution of the pipeline has stopped.[0m
