
Showing logs for build [32mmeta-nuxeo-jxlabs-nos-jx-master-jzpjh-8[0m stage [32mmeta-pipeline[0m and container [32mstep-credential-initializer-7flxn[0m
{"level":"info","ts":1589737825.0297425,"logger":"fallback-logger","caller":"logging/config.go:69","msg":"Fetch GitHub commit ID from kodata failed: open /var/run/ko/refs/heads/0.8.0-ns-support: no such file or directory"}
{"level":"info","ts":1589737825.0304372,"logger":"fallback-logger","caller":"creds-init/main.go:40","msg":"Credentials initialized."}

Showing logs for build [32mmeta-nuxeo-jxlabs-nos-jx-master-jzpjh-8[0m stage [32mmeta-pipeline[0m and container [32mstep-working-dir-initializer-5fqcm[0m
{"level":"info","ts":1589737825.4289272,"logger":"fallback-logger","caller":"logging/config.go:69","msg":"Fetch GitHub commit ID from kodata failed: open /var/run/ko/HEAD: no such file or directory"}
{"level":"info","ts":1589737825.4303153,"logger":"fallback-logger","caller":"bash/main.go:64","msg":"Successfully executed command \"sh -c mkdir -p /workspace/source\"; output "}

Showing logs for build [32mmeta-nuxeo-jxlabs-nos-jx-master-jzpjh-8[0m stage [32mmeta-pipeline[0m and container [32mstep-place-tools[0m

Showing logs for build [32mmeta-nuxeo-jxlabs-nos-jx-master-jzpjh-8[0m stage [32mmeta-pipeline[0m and container [32mstep-git-source-meta-nuxeo-jxlabs-nos-jx-master-jzpjh-qvwr8[0m
{"level":"info","ts":1589737828.4600565,"logger":"fallback-logger","caller":"logging/config.go:69","msg":"Fetch GitHub commit ID from kodata failed: open /var/run/ko/refs/heads/0.8.0-ns-support: no such file or directory"}
{"level":"info","ts":1589737829.7728794,"logger":"fallback-logger","caller":"git/git.go:103","msg":"Successfully cloned https://github.com/nuxeo/**labs-nos-**.git @ 5da48846e1264126f817614ff779132f81ae201d in path /workspace/source"}

Showing logs for build [32mmeta-nuxeo-jxlabs-nos-jx-master-jzpjh-8[0m stage [32mmeta-pipeline[0m and container [32mstep-git-merge[0m
Using SHAs from PULL_REFS=master:5da48846e1264126f817614ff779132f81ae201d
WARNING: no SHAs to merge, falling back to initial cloned commit

Showing logs for build [32mmeta-nuxeo-jxlabs-nos-jx-master-jzpjh-8[0m stage [32mmeta-pipeline[0m and container [32mstep-merge-pull-refs[0m
SKIP merge-pull-refs: Nothing to merge

Showing logs for build [32mmeta-nuxeo-jxlabs-nos-jx-master-jzpjh-8[0m stage [32mmeta-pipeline[0m and container [32mstep-create-effective-pipeline[0m
Effective pipeline written to jenkins-x-release-effective.yml

Showing logs for build [32mmeta-nuxeo-jxlabs-nos-jx-master-jzpjh-8[0m stage [32mmeta-pipeline[0m and container [32mstep-create-tekton-crds[0m
running command: echo $(git for-each-ref refs/tags/ --count=1 --sort=-version:refname --format='%(refname:short)' 2>/dev/null)-dev+$(git rev-parse --short HEAD) > VERSION

running command: version=$(cat VERSIO) && git tag $version && git push origin $version
cat: VERSIO: No such file or directory
error: failed to set the version on release pipelines: failed to run '/bin/sh -c version=$(cat VERSIO) && git tag $version && git push origin $version' command in directory '/workspace/source', output: ''
[31m
Pipeline failed on stage 'meta-pipeline' : container 'step-create-tekton-crds'. The execution of the pipeline has stopped.[0m
