
Showing logs for build [32mmeta-nuxeo-jxlabs-nos-jx-master-q8rs4-9[0m stage [32mmeta-pipeline[0m and container [32mstep-credential-initializer-7s5xm[0m
{"level":"info","ts":1589813751.746916,"logger":"fallback-logger","caller":"logging/config.go:69","msg":"Fetch GitHub commit ID from kodata failed: open /var/run/ko/refs/heads/0.8.0-ns-support: no such file or directory"}
{"level":"info","ts":1589813751.7498097,"logger":"fallback-logger","caller":"creds-init/main.go:40","msg":"Credentials initialized."}

Showing logs for build [32mmeta-nuxeo-jxlabs-nos-jx-master-q8rs4-9[0m stage [32mmeta-pipeline[0m and container [32mstep-working-dir-initializer-f4mjh[0m
{"level":"info","ts":1589813752.3071346,"logger":"fallback-logger","caller":"logging/config.go:69","msg":"Fetch GitHub commit ID from kodata failed: open /var/run/ko/HEAD: no such file or directory"}
{"level":"info","ts":1589813752.3088052,"logger":"fallback-logger","caller":"bash/main.go:64","msg":"Successfully executed command \"sh -c mkdir -p /workspace/source\"; output "}

Showing logs for build [32mmeta-nuxeo-jxlabs-nos-jx-master-q8rs4-9[0m stage [32mmeta-pipeline[0m and container [32mstep-place-tools[0m

Showing logs for build [32mmeta-nuxeo-jxlabs-nos-jx-master-q8rs4-9[0m stage [32mmeta-pipeline[0m and container [32mstep-git-source-meta-nuxeo-jxlabs-nos-jx-master-q8rs4-cd28t[0m
{"level":"info","ts":1589813758.527821,"logger":"fallback-logger","caller":"logging/config.go:69","msg":"Fetch GitHub commit ID from kodata failed: open /var/run/ko/refs/heads/0.8.0-ns-support: no such file or directory"}
{"level":"info","ts":1589813759.9109511,"logger":"fallback-logger","caller":"git/git.go:103","msg":"Successfully cloned https://github.com/nuxeo/**labs-nos-**.git @ 9b822f273ea5c8cb8f5be57c2cc331ba9d4fd2b3 in path /workspace/source"}

Showing logs for build [32mmeta-nuxeo-jxlabs-nos-jx-master-q8rs4-9[0m stage [32mmeta-pipeline[0m and container [32mstep-git-merge[0m
Using SHAs from PULL_REFS=master:9b822f273ea5c8cb8f5be57c2cc331ba9d4fd2b3
WARNING: no SHAs to merge, falling back to initial cloned commit

Showing logs for build [32mmeta-nuxeo-jxlabs-nos-jx-master-q8rs4-9[0m stage [32mmeta-pipeline[0m and container [32mstep-merge-pull-refs[0m
SKIP merge-pull-refs: Nothing to merge

Showing logs for build [32mmeta-nuxeo-jxlabs-nos-jx-master-q8rs4-9[0m stage [32mmeta-pipeline[0m and container [32mstep-create-effective-pipeline[0m
error: failed to load project config in dir /workspace/source: Validation failures in YAML file /workspace/source/jenkins-x.yml:
pipelineConfig.pipelines.release.pipeline.stages.0.steps.2: Additional property fargs is not allowed
[31m
Pipeline failed on stage 'meta-pipeline' : container 'step-create-effective-pipeline'. The execution of the pipeline has stopped.[0m
